2025-06-24 18:33:54,013 Args: Namespace(features_root='C:/Users/Mahon/Documents/Research/CLAM/Phase3A_Baseline_Features/Eval/Georgia', embed_root='C:/Users/Mahon/Documents/Research/CLAM/EVAL_tangle_embeddings/Georgia', labels_root='C:/Users/Mahon/Documents/Research/CLAM/Labels/Boolean/Georgia', features_type='pt', ckpt='C:/Users/Mahon/Documents/Research/CMTA/runs/debug/best.ckpt', batch_size=8, fusion='concat', model_size='small', results_dir='C:/Users/Mahon/Documents/Research/CMTA/results')
2025-06-24 18:34:17,999 Args: Namespace(features_root='C:/Users/Mahon/Documents/Research/CLAM/Phase3A_Baseline_Features/Eval/Georgia', embed_root='C:/Users/Mahon/Documents/Research/CLAM/EVAL_tangle_embeddings/Georgia', labels_root='C:/Users/Mahon/Documents/Research/CLAM/Labels/Boolean', features_type='pt', ckpt='C:/Users/Mahon/Documents/Research/CMTA/runs/debug/best.ckpt', batch_size=8, fusion='concat', model_size='small', results_dir='C:/Users/Mahon/Documents/Research/CMTA/results')
2025-06-24 18:34:18,008 Loaded 78 samples from C:/Users/Mahon/Documents/Research/CLAM/Labels/Boolean\Georgia.csv
2025-06-24 18:34:18,008 Eval dataset size: 78
2025-06-24 18:35:47,580 Args: Namespace(features_root='C:/Users/Mahon/Documents/Research/CLAM/Phase3A_Baseline_Features/Evals/Georgia', embed_root='C:/Users/Mahon/Documents/Research/CLAM/EVAL_tangle_embeddings/Georgia', labels_root='C:/Users/Mahon/Documents/Research/CLAM/Labels/Boolean', features_type='pt', ckpt='C:/Users/Mahon/Documents/Research/CMTA/runs/debug/best.ckpt', batch_size=8, fusion='concat', model_size='small', results_dir='C:/Users/Mahon/Documents/Research/CMTA/results')
2025-06-24 18:35:47,582 Loaded 78 samples from C:/Users/Mahon/Documents/Research/CLAM/Labels/Boolean\Georgia.csv
2025-06-24 18:35:47,582 Eval dataset size: 78
2025-06-24 18:36:32,522 Args: Namespace(features_root='C:/Users/Mahon/Documents/Research/CLAM/Phase3A_Baseline_Features/Evals/Georgia', embed_root='C:/Users/Mahon/Documents/Research/CLAM/EVAL_tangle_embeddings/Georgia', labels_root='C:/Users/Mahon/Documents/Research/CLAM/Labels/Boolean', features_type='pt', ckpt='C:/Users/Mahon/Documents/Research/CMTA/runs/debug/best.ckpt', batch_size=8, fusion='concat', model_size='small', results_dir='C:/Users/Mahon/Documents/Research/CMTA/results')
2025-06-24 18:36:32,524 Loaded 78 samples from C:/Users/Mahon/Documents/Research/CLAM/Labels/Boolean\Georgia.csv
2025-06-24 18:36:32,524 Eval dataset size: 78
2025-06-24 18:39:14,238 Args: Namespace(features_root='C:/Users/Mahon/Documents/Research/CLAM/Phase3A_Baseline_Features/Evals/Georgia', embed_root='C:/Users/Mahon/Documents/Research/CLAM/EVAL_tangle_embeddings/Georgia', labels_root='C:/Users/Mahon/Documents/Research/CLAM/Labels/Boolean', features_type='pt', ckpt='C:/Users/Mahon/Documents/Research/CMTA/runs/debug/best.ckpt', batch_size=8, fusion='concat', model_size='small', results_dir='C:/Users/Mahon/Documents/Research/CMTA/results')
2025-06-24 18:39:14,245 Loaded 77 samples from C:/Users/Mahon/Documents/Research/CLAM/Labels/Boolean\Georgia.csv
2025-06-24 18:39:14,245 Eval dataset size: 77
2025-06-24 18:39:33,016 Args: Namespace(features_root='C:/Users/Mahon/Documents/Research/CLAM/Phase3A_Baseline_Features/Evals/Georgia', embed_root='C:/Users/Mahon/Documents/Research/CLAM/EVAL_tangle_embeddings/Georgia', labels_root='C:/Users/Mahon/Documents/Research/CLAM/Labels/Boolean', features_type='pt', ckpt='C:/Users/Mahon/Documents/Research/CMTA/runs/debug/best.ckpt', batch_size=8, fusion='concat', model_size='small', results_dir='C:/Users/Mahon/Documents/Research/CMTA/results')
2025-06-24 18:39:33,023 Loaded 76 samples from C:/Users/Mahon/Documents/Research/CLAM/Labels/Boolean\Georgia.csv
2025-06-24 18:39:33,023 Eval dataset size: 76
2025-06-24 18:39:57,551 Args: Namespace(features_root='C:/Users/Mahon/Documents/Research/CLAM/Phase3A_Baseline_Features/Evals/Georgia', embed_root='C:/Users/Mahon/Documents/Research/CLAM/EVAL_tangle_embeddings/Georgia', labels_root='C:/Users/Mahon/Documents/Research/CLAM/Labels/Boolean', features_type='pt', ckpt='C:/Users/Mahon/Documents/Research/CMTA/runs/debug/best.ckpt', batch_size=8, fusion='concat', model_size='small', results_dir='C:/Users/Mahon/Documents/Research/CMTA/results')
2025-06-24 18:39:57,559 Loaded 75 samples from C:/Users/Mahon/Documents/Research/CLAM/Labels/Boolean\Georgia.csv
2025-06-24 18:39:57,559 Eval dataset size: 75
2025-06-24 18:40:19,922 Args: Namespace(features_root='C:/Users/Mahon/Documents/Research/CLAM/Phase3A_Baseline_Features/Evals/Georgia', embed_root='C:/Users/Mahon/Documents/Research/CLAM/EVAL_tangle_embeddings/Georgia', labels_root='C:/Users/Mahon/Documents/Research/CLAM/Labels/Boolean', features_type='pt', ckpt='C:/Users/Mahon/Documents/Research/CMTA/runs/debug/best.ckpt', batch_size=8, fusion='concat', model_size='small', results_dir='C:/Users/Mahon/Documents/Research/CMTA/results')
2025-06-24 18:40:19,931 Loaded 74 samples from C:/Users/Mahon/Documents/Research/CLAM/Labels/Boolean\Georgia.csv
2025-06-24 18:40:19,931 Eval dataset size: 74
2025-06-24 18:40:45,772 Args: Namespace(features_root='C:/Users/Mahon/Documents/Research/CLAM/Phase3A_Baseline_Features/Evals/Georgia', embed_root='C:/Users/Mahon/Documents/Research/CLAM/EVAL_tangle_embeddings/Georgia', labels_root='C:/Users/Mahon/Documents/Research/CLAM/Labels/Boolean', features_type='pt', ckpt='C:/Users/Mahon/Documents/Research/CMTA/runs/debug/best.ckpt', batch_size=8, fusion='concat', model_size='small', results_dir='C:/Users/Mahon/Documents/Research/CMTA/results')
2025-06-24 18:40:45,780 Loaded 73 samples from C:/Users/Mahon/Documents/Research/CLAM/Labels/Boolean\Georgia.csv
2025-06-24 18:40:45,780 Eval dataset size: 73
2025-06-24 18:40:56,617 Evaluation over full cohort: {'AUROC': 0.875, 'AUPRC': 0.3887339086352244, 'acc': np.float64(0.8767123287671232)}
2025-06-24 18:40:56,617 Saved metrics to C:/Users/Mahon/Documents/Research/CMTA/results\metrics_evaluate.json
2025-06-24 18:46:58,151 Args: Namespace(features_root='C:/Users/Mahon/Documents/Research/CLAM/Phase3A_Baseline_Features/Evals/Fondaz', embed_root='C:/Users/Mahon/Documents/Research/CLAM/EVAL_tangle_embeddings/Fondaz', labels_root='C:/Users/Mahon/Documents/Research/CLAM/Labels/Boolean', features_type='pt', ckpt='C:/Users/Mahon/Documents/Research/CMTA/runs/debug/best.ckpt', batch_size=8, fusion='concat', model_size='small', results_dir='C:/Users/Mahon/Documents/Research/CMTA/results')
2025-06-24 18:48:28,551 Args: Namespace(features_root='C:/Users/Mahon/Documents/Research/CLAM/Phase3A_Baseline_Features/Evals/Fondaz', embed_root='C:/Users/Mahon/Documents/Research/CLAM/EVAL_tangle_embeddings/Fondaz', labels_root='C:/Users/Mahon/Documents/Research/CLAM/Labels/Boolean', features_type='pt', ckpt='C:/Users/Mahon/Documents/Research/CMTA/runs/debug/best.ckpt', batch_size=8, fusion='concat', model_size='small', results_dir='C:/Users/Mahon/Documents/Research/CMTA/results')
2025-06-24 18:48:50,096 Args: Namespace(features_root='C:/Users/Mahon/Documents/Research/CLAM/Phase3A_Baseline_Features/Evals/Fondaz', embed_root='C:/Users/Mahon/Documents/Research/CLAM/EVAL_tangle_embeddings/Fondaz', labels_root='C:/Users/Mahon/Documents/Research/CLAM/Labels/Boolean', features_type='pt', ckpt='C:/Users/Mahon/Documents/Research/CMTA/runs/debug/best.ckpt', batch_size=8, fusion='concat', model_size='small', results_dir='C:/Users/Mahon/Documents/Research/CMTA/results')
2025-06-24 18:49:20,207 Args: Namespace(features_root='C:/Users/Mahon/Documents/Research/CLAM/Phase3A_Baseline_Features/Evals/Fondaz', embed_root='C:/Users/Mahon/Documents/Research/CLAM/EVAL_tangle_embeddings/Fondaz', labels_root='C:/Users/Mahon/Documents/Research/CLAM/Labels/Boolean', features_type='pt', ckpt='C:/Users/Mahon/Documents/Research/CMTA/runs/debug/best.ckpt', batch_size=8, fusion='concat', model_size='small', results_dir='C:/Users/Mahon/Documents/Research/CMTA/results')
2025-06-24 18:49:20,209 Loaded 21 samples from C:/Users/Mahon/Documents/Research/CLAM/Labels/Boolean\Lombardy-Italy.csv
2025-06-24 18:49:20,209 Eval dataset size: 21
2025-06-24 18:49:38,382 Evaluation over full cohort: {'AUROC': 0.9117647058823529, 'AUPRC': 0.9796740626074992, 'acc': np.float64(0.5238095238095238)}
2025-06-24 18:49:38,382 Saved metrics to C:/Users/Mahon/Documents/Research/CMTA/results\metrics_evaluate.json
2025-06-24 19:29:10,136 Args: Namespace(features_root='C:/Users/Mahon/Documents/Research/CLAM/Phase3A_Baseline_Features/Evals/Fondaz', embed_root='C:/Users/Mahon/Documents/Research/CLAM/EVAL_tangle_embeddings/Fondaz', labels_root='C:/Users/Mahon/Documents/Research/CLAM/Labels/Boolean', features_type='pt', ckpt='C:/Users/Mahon/Documents/Research/CMTA/runs/debug/best.ckpt', batch_size=8, fusion='concat', model_size='small', results_dir='C:/Users/Mahon/Documents/Research/CMTA/results')
2025-06-24 19:29:10,138 Loaded 21 samples from C:/Users/Mahon/Documents/Research/CLAM/Labels/Boolean\Lombardy-Italy.csv
2025-06-24 19:29:10,138 Eval dataset size: 21
2025-06-24 19:29:27,091 Evaluation over full cohort: {'AUROC': 0.9117647058823529, 'AUPRC': 0.9796740626074992, 'acc': np.float64(0.5238095238095238)}
2025-06-24 19:29:27,092 Saved metrics to C:/Users/Mahon/Documents/Research/CMTA/results\metrics_evaluate.json
2025-06-24 19:29:46,555 Args: Namespace(features_root='C:/Users/Mahon/Documents/Research/CLAM/Phase3A_Baseline_Features/Evals/Fondaz', embed_root='C:/Users/Mahon/Documents/Research/CLAM/EVAL_tangle_embeddings/Fondaz', labels_root='C:/Users/Mahon/Documents/Research/CLAM/Labels/Boolean', features_type='pt', ckpt='C:/Users/Mahon/Documents/Research/CMTA/runs/debug/best.ckpt', batch_size=8, fusion='concat', model_size='small', results_dir='C:/Users/Mahon/Documents/Research/CMTA/results')
2025-06-24 19:29:46,556 Loaded 21 samples from C:/Users/Mahon/Documents/Research/CLAM/Labels/Boolean\Lombardy-Italy.csv
2025-06-24 19:29:46,557 Eval dataset size: 21
2025-06-24 19:30:02,719 Evaluation over full cohort: {'AUROC': 0.9117647058823529, 'AUPRC': 0.9796740626074992, 'acc': np.float64(0.5238095238095238)}
2025-06-24 19:30:02,720 Saved metrics to C:/Users/Mahon/Documents/Research/CMTA/results\metrics_evaluate.json
